[31m----------MAIN FROM SUBJECT-----------[0m
Robert, the Magnificent, is born!
Some random victim called Jimmy just appeared!
Some random victim called Joe just appeared!
Zog zog.
I am Robert, the Magnificent, and I like ponies!
I'm Jimmy and I like otters!
I'm Joe and I like otters!
Jimmy has been turned into a cute little sheep!
Joe has been turned into a pink pony!
Bleuark...
Victim Joe just died for no apparent reason!
Victim Jimmy just died for no apparent reason!
Robert, the Magnificent, is dead. Consequences will never be the same!
[31m----------END MAIN FROM SUBJECT--------[0m
[31m----------PART 1 : adds MightyGoblin from Victim-----------[0m
Robert, the Magnificent, is born!
I am Robert, the Magnificent, and I like ponies!
I am Robert, the Magnificent, and I like ponies!
Some random victim called Mel just appeared!
Goblining mightily
Hi, grgrgeghregh imnm Mel Bal'a dash, malanore !!!
Hi, grgrgeghregh imnm Mel Bal'a dash, malanore !!!
Mel has been turned into a cute Nice Goblin!
Some random victim called Mel2 just appeared!
I'm Mel and I like otters!
Mel has been turned into a cute little sheep!
Some random victim called Marcus just appeared!
Zog zog.
I'm Marcus and I like otters!
Marcus has been turned into a pink pony!
Bleuark...
Victim Marcus just died for no apparent reason!
Victim Mel just died for no apparent reason!
Shlearkkk...
Victim Mel just died for no apparent reason!
Robert, the Magnificent, is dead. Consequences will never be the same!
[31m----------PART 2 : test Peon (from Victim)-----------[0m
Some random victim called Peon just appeared!
Zog zog.
I'm Peon and I like otters!
Bleuark...
Victim Peon just died for no apparent reason!
[31m----------PART 3 : adds BabyPeon from Peon (from Victim)-----------[0m
Some random victim called babyPeon just appeared!
Zog zog.
I'm babyPeon and I like otters!
HAAAAAAAAAAAAAAAAAAAAA Bleuark...
Bleuark...
Victim babyPeon just died for no apparent reason!
