[31m----------MAIN FROM SUBJECT-----------[0m
Tactical Marine ready for battle!
* teleports from space *
For the holy PLOT!
* attacks with a bolter *
* attacks with a chainsword *
This code is unclean. PURIFY IT!
* does nothing *
* attacks with chainfists *
Aaargh...
I'll be back...
[31m----------END MAIN FROM SUBJECT--------[0m


[31m[Test with push limits - with TacticalMarine][0m
Tactical Marine ready for battle!
Tactical Marine ready for battle!
Tactical Marine ready for battle!
Tactical Marine ready for battle!
Tactical Marine ready for battle!
Tactical Marine ready for battle!
Tactical Marine ready for battle!
Tactical Marine ready for battle!
Tactical Marine ready for battle!
Tactical Marine ready for battle!
Tactical Marine ready for battle!

GetCount() function call return = 0
Try to push bob to the squad... return = 1
Try to push bob to the squad... return = -1
Try to push bob to the squad... return = -1
Try to push bob to the squad... return = -1
GetCount() function call return = 1

Squad content = 1
Squad content = 2
Squad content = 3
Squad content = 4
Squad content = 5
Squad content = 6
Squad content = 7
Squad content = 8
Squad content = 9
Squad content = 10
After : Squad content = 11
Aaargh...
Aaargh...
Aaargh...
Aaargh...
Aaargh...
Aaargh...
Aaargh...
Aaargh...
Aaargh...
Aaargh...
Aaargh...

[31m[Test with push limits - with AssaultTerminator][0m
* teleports from space *
* teleports from space *
* teleports from space *
* teleports from space *
* teleports from space *
* teleports from space *
* teleports from space *
* teleports from space *
* teleports from space *
* teleports from space *
Squad content = 0
Squad content = 1
Squad content = 2
Squad content = 3
Squad content = 4
Squad content = 5
Squad content = 6
Squad content = 7
Squad content = 8
Squad content = 9
After : Squad content = 10
I'll be back...
I'll be back...
I'll be back...
I'll be back...
I'll be back...
I'll be back...
I'll be back...
I'll be back...
I'll be back...
I'll be back...

[31m[Test with clone][0m
* teleports from space *
Tactical Marine ready for battle!
* teleports from space *
Clone address:        0x922ee0
[31m[call push function][0m
Last pushed address : 0x922ee0

Tactical Marine ready for battle!
Clone address:        0x922e80
[31m[call push function][0m
Last pushed address : 0x922e80

* teleports from space *
Clone address:        0x922fc0
[31m[call push function][0m
Last pushed address : 0x922fc0

Tactical Marine ready for battle!
Clone address:        0x922fe0
[31m[call push function][0m
Last pushed address : 0x922fe0

* teleports from space *
Clone address:        0x923000
[31m[call push function][0m
Last pushed address : 0x923000

Tactical Marine ready for battle!
Clone address:        0x922fa0
[31m[call push function][0m
Last pushed address : 0x922fa0

* teleports from space *
Clone address:        0x922ec0
[31m[call push function][0m
Last pushed address : 0x922ec0

Tactical Marine ready for battle!
Clone address:        0x923040
[31m[call push function][0m
Last pushed address : 0x923040

* teleports from space *
Clone address:        0x923060
[31m[call push function][0m
Last pushed address : 0x923060

Tactical Marine ready for battle!
Clone address:        0x923020
[31m[call push function][0m
Last pushed address : 0x923020

After : Squad content = 11

I'll be back...
Aaargh...
I'll be back...
Aaargh...
I'll be back...
Aaargh...
I'll be back...
Aaargh...
I'll be back...
Aaargh...
I'll be back...
Aaargh...

[31m[Test deep copy][0m
* teleports from space *
Tactical Marine ready for battle!
* teleports from space *
* teleports from space *
Tactical Marine ready for battle!
* teleports from space *
I'll be back...
Aaargh...

[31m[		-- Count][0m
Count in vlc1 = 4
Count in vlc2 = 0

[31m[		-- vlc2 = vlc1][0m
* teleports from space *
* teleports from space *
Tactical Marine ready for battle!
* teleports from space *

[31m[		-- Count][0m
Count in vlc1 = 4
Count in vlc2 = 4

[31m[		-- Add some ISpaceMarines to vlc2][0m

[31m[		-- vlc2 = vlc1][0m
* teleports from space *
Tactical Marine ready for battle!
* teleports from space *

[31m[		-- Count][0m
Count in vlc1 = 4
Count in vlc2 = 7

[31m[		-- vlc1 = vlc2][0m
I'll be back...
I'll be back...
Aaargh...
I'll be back...
* teleports from space *
* teleports from space *
Tactical Marine ready for battle!
* teleports from space *
* teleports from space *
Tactical Marine ready for battle!
* teleports from space *

[31m[		-- Count][0m
Count in vlc1 = 7
Count in vlc2 = 7

[31m[		-- Return()][0m
I'll be back...
I'll be back...
Aaargh...
I'll be back...
I'll be back...
Aaargh...
I'll be back...
I'll be back...
I'll be back...
Aaargh...
I'll be back...
I'll be back...
Aaargh...
I'll be back...
